<?xml version="1.0" encoding="UTF-8"?>
<testng-results ignored="0" total="1" passed="0" failed="0" skipped="1">
  <reporter-output>
  </reporter-output>
  <suite started-at="2024-10-27T13:04:09 EDT" name="Default suite" finished-at="2024-10-27T13:04:10 EDT" duration-ms="1511">
    <groups>
    </groups>
    <test started-at="2024-10-27T13:04:09 EDT" name="Default test" finished-at="2024-10-27T13:04:10 EDT" duration-ms="1511">
      <class name="day45ParametariztionDataprovider.DataProviderDemo">
        <test-method is-config="true" signature="setupbefore()[pri:0, instance:day45ParametariztionDataprovider.DataProviderDemo@7fc6de5b]" started-at="2024-10-27T13:04:09 EDT" name="setupbefore" finished-at="2024-10-27T13:04:10 EDT" duration-ms="1317" status="PASS">
          <reporter-output>
          </reporter-output>
        </test-method> <!-- setupbefore -->
        <test-method signature="testlogin(java.lang.String,java.lang.String)[pri:0, instance:day45ParametariztionDataprovider.DataProviderDemo@7fc6de5b]" started-at="2024-10-27T13:04:10 EDT" name="testlogin" description="{&quot;dataProvider&quot;:&quot;jet&quot;}" data-provider="qaf-data-provider" finished-at="2024-10-27T13:04:10 EDT" duration-ms="0" status="SKIP">
          <exception class="java.lang.RuntimeException">
            <message>
              <![CDATA[java.lang.ClassCastException: class org.testng.internal.TestNGMethod cannot be cast to class com.qmetry.qaf.automation.step.client.TestNGScenario (org.testng.internal.TestNGMethod and com.qmetry.qaf.automation.step.client.TestNGScenario are in unnamed module of loader 'app')]]>
            </message>
            <full-stacktrace>
              <![CDATA[java.lang.RuntimeException: java.lang.ClassCastException: class org.testng.internal.TestNGMethod cannot be cast to class com.qmetry.qaf.automation.step.client.TestNGScenario (org.testng.internal.TestNGMethod and com.qmetry.qaf.automation.step.client.TestNGScenario are in unnamed module of loader 'app')
at org.testng.internal.MethodInvocationHelper.invokeMethodNoCheckedException(MethodInvocationHelper.java:50)
at org.testng.internal.MethodInvocationHelper.invokeDataProvider(MethodInvocationHelper.java:146)
at org.testng.internal.Parameters.handleParameters(Parameters.java:798)
at org.testng.internal.Parameters.handleParameters(Parameters.java:740)
at org.testng.internal.ParameterHandler.handleParameters(ParameterHandler.java:59)
at org.testng.internal.ParameterHandler.createParameters(ParameterHandler.java:38)
at org.testng.internal.TestInvoker$MethodInvocationAgent.invoke(TestInvoker.java:791)
at org.testng.internal.TestInvoker.invokeTestMethods(TestInvoker.java:146)
at org.testng.internal.TestMethodWorker.invokeTestMethods(TestMethodWorker.java:146)
at org.testng.internal.TestMethodWorker.run(TestMethodWorker.java:128)
at java.base/java.util.ArrayList.forEach(ArrayList.java:1597)
at org.testng.TestRunner.privateRun(TestRunner.java:794)
at org.testng.TestRunner.run(TestRunner.java:596)
at org.testng.SuiteRunner.runTest(SuiteRunner.java:377)
at org.testng.SuiteRunner.runSequentially(SuiteRunner.java:371)
at org.testng.SuiteRunner.privateRun(SuiteRunner.java:332)
at org.testng.SuiteRunner.run(SuiteRunner.java:276)
at org.testng.SuiteRunnerWorker.runSuite(SuiteRunnerWorker.java:53)
at org.testng.SuiteRunnerWorker.run(SuiteRunnerWorker.java:96)
at org.testng.TestNG.runSuitesSequentially(TestNG.java:1212)
at org.testng.TestNG.runSuitesLocally(TestNG.java:1134)
at org.testng.TestNG.runSuites(TestNG.java:1063)
at org.testng.TestNG.run(TestNG.java:1031)
at org.testng.remote.AbstractRemoteTestNG.run(AbstractRemoteTestNG.java:115)
at org.testng.remote.RemoteTestNG.initAndRun(RemoteTestNG.java:293)
at org.testng.remote.RemoteTestNG.main(RemoteTestNG.java:91)
Caused by: java.lang.ClassCastException: class org.testng.internal.TestNGMethod cannot be cast to class com.qmetry.qaf.automation.step.client.TestNGScenario (org.testng.internal.TestNGMethod and com.qmetry.qaf.automation.step.client.TestNGScenario are in unnamed module of loader 'app')
at com.qmetry.qaf.automation.testng.dataprovider.QAFInetrceptableDataProvider.interceptedDataProvider(QAFInetrceptableDataProvider.java:91)
at java.base/jdk.internal.reflect.DirectMethodHandleAccessor.invoke(DirectMethodHandleAccessor.java:103)
at java.base/java.lang.reflect.Method.invoke(Method.java:580)
at org.testng.internal.MethodInvocationHelper.invokeMethod(MethodInvocationHelper.java:133)
at org.testng.internal.MethodInvocationHelper.invokeMethod(MethodInvocationHelper.java:77)
at org.testng.internal.MethodInvocationHelper.invokeMethodNoCheckedException(MethodInvocationHelper.java:46)
... 25 more
]]>
            </full-stacktrace>
          </exception> <!-- java.lang.RuntimeException -->
          <reporter-output>
          </reporter-output>
        </test-method> <!-- testlogin -->
        <test-method is-config="true" signature="logoutafter()[pri:0, instance:day45ParametariztionDataprovider.DataProviderDemo@7fc6de5b]" started-at="2024-10-27T13:04:10 EDT" name="logoutafter" finished-at="2024-10-27T13:04:10 EDT" duration-ms="141" status="PASS">
          <reporter-output>
          </reporter-output>
        </test-method> <!-- logoutafter -->
      </class> <!-- day45ParametariztionDataprovider.DataProviderDemo -->
    </test> <!-- Default test -->
  </suite> <!-- Default suite -->
</testng-results>
